build/app/intermediates/manifest_merge_blame_file/debug/manifest-merger-blame-debug-report.txt
1<?xml version="1.0" encoding="utf-8"?>
2<manifest xmlns:android="http://schemas.android.com/apk/res/android"
3    package="com.example.my_poject_cv"
4    android:versionCode="1"
5    android:versionName="1.0.0" >
6
7    <uses-sdk
8        android:minSdkVersion="20"
9        android:targetSdkVersion="33" />
10    <!--
11         The INTERNET permission is required for development. Specifically,
12         the Flutter tool needs it to communicate with the running application
13         to allow setting breakpoints, to provide hot reload, etc.
14    -->
15    <uses-permission android:name="android.permission.INTERNET" />
15-->src\debug\AndroidManifest.xml:6:5-66
15-->src\debug\AndroidManifest.xml:6:22-64
16    <!-- Include required permissions for Google Maps API to run. -->
17    <uses-permission android:name="android.permission.ACCESS_NETWORK_STATE" />
17-->[com.google.android.gms:play-services-maps:18.2.0] AndroidManifest.xml:23:5-79
17-->[com.google.android.gms:play-services-maps:18.2.0] AndroidManifest.xml:23:22-76
18
19    <uses-feature
19-->[com.google.android.gms:play-services-maps:18.2.0] AndroidManifest.xml:26:5-28:35
20        android:glEsVersion="0x00020000"
20-->[com.google.android.gms:play-services-maps:18.2.0] AndroidManifest.xml:27:9-41
21        android:required="true" />
21-->[com.google.android.gms:play-services-maps:18.2.0] AndroidManifest.xml:28:9-32
22
23    <queries>
23-->[com.google.android.gms:play-services-maps:18.2.0] AndroidManifest.xml:30:5-34:15
24
25        <!-- Needs to be explicitly declared on Android R+ -->
26        <package android:name="com.google.android.apps.maps" />
26-->[com.google.android.gms:play-services-maps:18.2.0] AndroidManifest.xml:33:9-64
26-->[com.google.android.gms:play-services-maps:18.2.0] AndroidManifest.xml:33:18-61
27    </queries>
28
29    <permission
29-->[androidx.core:core:1.10.1] AndroidManifest.xml:22:5-24:47
30        android:name="com.example.my_poject_cv.DYNAMIC_RECEIVER_NOT_EXPORTED_PERMISSION"
30-->[androidx.core:core:1.10.1] AndroidManifest.xml:23:9-81
31        android:protectionLevel="signature" />
31-->[androidx.core:core:1.10.1] AndroidManifest.xml:24:9-44
32
33    <uses-permission android:name="com.example.my_poject_cv.DYNAMIC_RECEIVER_NOT_EXPORTED_PERMISSION" />
33-->[androidx.core:core:1.10.1] AndroidManifest.xml:26:5-97
33-->[androidx.core:core:1.10.1] AndroidManifest.xml:26:22-94
34
35    <application
36        android:name="android.app.Application"
37        android:appComponentFactory="androidx.core.app.CoreComponentFactory"
37-->[androidx.core:core:1.10.1] AndroidManifest.xml:28:18-86
38        android:debuggable="true"
39        android:icon="@mipmap/ic_launcher"
40        android:label="my_poject_cv" >
41        <activity
42            android:name="com.example.my_poject_cv.MainActivity"
43            android:configChanges="orientation|keyboardHidden|keyboard|screenSize|smallestScreenSize|locale|layoutDirection|fontScale|screenLayout|density|uiMode"
44            android:exported="true"
45            android:hardwareAccelerated="true"
46            android:launchMode="singleTop"
47            android:theme="@style/LaunchTheme"
48            android:windowSoftInputMode="adjustResize" >
49
50            <!--
51                 Specifies an Android theme to apply to this Activity as soon as
52                 the Android process has started. This theme is visible to the user
53                 while the Flutter UI initializes. After that, this theme continues
54                 to determine the Window background behind the Flutter UI.
55            -->
56            <meta-data
57                android:name="io.flutter.embedding.android.NormalTheme"
58                android:resource="@style/NormalTheme" />
59
60            <intent-filter>
61                <action android:name="android.intent.action.MAIN" />
62
63                <category android:name="android.intent.category.LAUNCHER" />
64            </intent-filter>
65        </activity>
66        <!--
67             Don't delete the meta-data below.
68             This is used by the Flutter tool to generate GeneratedPluginRegistrant.java
69        -->
70        <meta-data
71            android:name="flutterEmbedding"
72            android:value="2" />
73
74        <activity
74-->[:url_launcher_android] AndroidManifest.xml:10:9-13:74
75            android:name="io.flutter.plugins.urllauncher.WebViewActivity"
75-->[:url_launcher_android] AndroidManifest.xml:11:13-74
76            android:exported="false"
76-->[:url_launcher_android] AndroidManifest.xml:12:13-37
77            android:theme="@android:style/Theme.NoTitleBar.Fullscreen" />
77-->[:url_launcher_android] AndroidManifest.xml:13:13-71
78
79        <uses-library
79-->[androidx.window:window:1.0.0-beta04] AndroidManifest.xml:25:9-27:40
80            android:name="androidx.window.extensions"
80-->[androidx.window:window:1.0.0-beta04] AndroidManifest.xml:26:13-54
81            android:required="false" />
81-->[androidx.window:window:1.0.0-beta04] AndroidManifest.xml:27:13-37
82        <uses-library
82-->[androidx.window:window:1.0.0-beta04] AndroidManifest.xml:28:9-30:40
83            android:name="androidx.window.sidecar"
83-->[androidx.window:window:1.0.0-beta04] AndroidManifest.xml:29:13-51
84            android:required="false" /> <!-- Needs to be explicitly declared on P+ -->
84-->[androidx.window:window:1.0.0-beta04] AndroidManifest.xml:30:13-37
85        <uses-library
85-->[com.google.android.gms:play-services-maps:18.2.0] AndroidManifest.xml:39:9-41:40
86            android:name="org.apache.http.legacy"
86-->[com.google.android.gms:play-services-maps:18.2.0] AndroidManifest.xml:40:13-50
87            android:required="false" />
87-->[com.google.android.gms:play-services-maps:18.2.0] AndroidManifest.xml:41:13-37
88
89        <activity
89-->[com.google.android.gms:play-services-base:18.0.1] AndroidManifest.xml:20:9-22:45
90            android:name="com.google.android.gms.common.api.GoogleApiActivity"
90-->[com.google.android.gms:play-services-base:18.0.1] AndroidManifest.xml:20:19-85
91            android:exported="false"
91-->[com.google.android.gms:play-services-base:18.0.1] AndroidManifest.xml:22:19-43
92            android:theme="@android:style/Theme.Translucent.NoTitleBar" />
92-->[com.google.android.gms:play-services-base:18.0.1] AndroidManifest.xml:21:19-78
93
94        <meta-data
94-->[com.google.android.gms:play-services-basement:18.0.0] AndroidManifest.xml:21:9-23:69
95            android:name="com.google.android.gms.version"
95-->[com.google.android.gms:play-services-basement:18.0.0] AndroidManifest.xml:22:13-58
96            android:value="@integer/google_play_services_version" />
96-->[com.google.android.gms:play-services-basement:18.0.0] AndroidManifest.xml:23:13-66
97    </application>
98
99</manifest>